<?xml version="1.0" encoding="UTF-8"?>
<testng-results ignored="0" total="1" passed="1" failed="0" skipped="0">
  <reporter-output>
  </reporter-output>
  <suite started-at="2023-03-19T19:52:52 EDT" name="Default suite" finished-at="2023-03-19T19:52:54 EDT" duration-ms="2333">
    <groups>
    </groups>
    <test started-at="2023-03-19T19:52:52 EDT" name="Default test" finished-at="2023-03-19T19:52:54 EDT" duration-ms="2333">
      <class name="api.Get_001">
        <test-method signature="sample_get_001()[pri:0, instance:api.Get_001@1eb5174b]" started-at="2023-03-19T19:52:52 EDT" name="sample_get_001" finished-at="2023-03-19T19:52:54 EDT" duration-ms="2306" status="PASS">
          <reporter-output>
          </reporter-output>
        </test-method> <!-- sample_get_001 -->
      </class> <!-- api.Get_001 -->
    </test> <!-- Default test -->
  </suite> <!-- Default suite -->
</testng-results>
